c:\users\hash\downloads\cheats\digitalwave.pro\bin\win32\release\vc141.pdb
c:\users\hash\downloads\cheats\digitalwave.pro\bin\win32\release\hooks.obj
c:\users\hash\downloads\cheats\digitalwave.pro\bin\win32\release\engineprediction.obj
c:\users\hash\downloads\cheats\digitalwave.pro\bin\win32\release\x7resolve.obj
c:\users\hash\downloads\cheats\digitalwave.pro\bin\win32\release\legitbot.obj
c:\users\hash\downloads\cheats\digitalwave.pro\bin\win32\release\dllmain.obj
c:\users\hash\downloads\cheats\digitalwave.pro\bin\win32\release\globalvars.obj
c:\users\hash\downloads\cheats\digitalwave.pro\bin\win32\release\esp.obj
c:\users\hash\downloads\cheats\digitalwave.pro\bin\win32\release\lagcomp.obj
c:\users\hash\downloads\cheats\digitalwave.pro\bin\win32\release\antiaim.obj
c:\users\hash\downloads\cheats\digitalwave.pro\bin\win32\release\cluahook.obj
c:\users\hash\downloads\cheats\digitalwave.pro\bin\win32\release\resolver.obj
c:\users\hash\downloads\cheats\digitalwave.pro\bin\win32\release\menu.obj
c:\users\hash\downloads\cheats\digitalwave.pro\bin\win32\release\math.obj
c:\users\hash\downloads\cheats\digitalwave.pro\bin\win32\release\aimbot.obj
c:\users\hash\downloads\cheats\digitalwave.pro\bin\win32\release\damageesp.obj
c:\users\hash\downloads\cheats\digitalwave.pro\bin\win32\release\chams.obj
c:\users\hash\downloads\cheats\digitalwave.pro\bin\win32\release\tgfcfg.obj
c:\users\hash\downloads\cheats\digitalwave.pro\bin\win32\release\interfaces.obj
c:\users\hash\downloads\cheats\digitalwave.pro\bin\win32\release\autowall.obj
c:\users\hash\downloads\cheats\digitalwave.pro\bin\win32\release\resolverrecode.obj
c:\users\hash\downloads\cheats\digitalwave.pro\bin\win32\release\legit.obj
c:\users\hash\downloads\cheats\digitalwave.pro\bin\win32\release\zgui.obj
c:\users\hash\downloads\cheats\digitalwave.pro\bin\win32\release\centity.obj
c:\users\hash\downloads\cheats\digitalwave.pro\bin\win32\release\netvarmanager.obj
c:\users\hash\downloads\cheats\digitalwave.pro\build\win32\release\digitalwave.pro.lib
c:\users\hash\downloads\cheats\digitalwave.pro\build\win32\release\digitalwave.pro.exp
c:\users\hash\downloads\cheats\digitalwave.pro\build\win32\release\digitalwave.pro.dll
c:\users\hash\downloads\cheats\digitalwave.pro\build\win32\release\digitalwave.pro.map
c:\users\hash\downloads\cheats\digitalwave.pro\build\win32\release\digitalwave.pro.pdb
c:\users\hash\downloads\cheats\digitalwave.pro\bin\win32\release\digitalwave.pro.tlog\cl.command.1.tlog
c:\users\hash\downloads\cheats\digitalwave.pro\bin\win32\release\digitalwave.pro.tlog\cl.read.1.tlog
c:\users\hash\downloads\cheats\digitalwave.pro\bin\win32\release\digitalwave.pro.tlog\cl.write.1.tlog
c:\users\hash\downloads\cheats\digitalwave.pro\bin\win32\release\digitalwave.pro.tlog\digitalwave.pro.write.1u.tlog
c:\users\hash\downloads\cheats\digitalwave.pro\bin\win32\release\digitalwave.pro.tlog\link.command.1.tlog
c:\users\hash\downloads\cheats\digitalwave.pro\bin\win32\release\digitalwave.pro.tlog\link.read.1.tlog
c:\users\hash\downloads\cheats\digitalwave.pro\bin\win32\release\digitalwave.pro.tlog\link.write.1.tlog
